2005.12.15 12:19 B C:\Books\HTML\CDFiles\120905\10Navigation\Redirecting\images\btn_about.gif <-- OTSI /HTS/CDFiles/120905/10Navigation/Redirecting/images btn_about.gif
2005.12.15 12:19 B C:\Books\HTML\CDFiles\120905\10Navigation\Redirecting\images\btn_contact.gif <-- OTSI /HTS/CDFiles/120905/10Navigation/Redirecting/images btn_contact.gif
2005.12.15 12:19 B C:\Books\HTML\CDFiles\120905\10Navigation\Redirecting\images\btn_home.gif <-- OTSI /HTS/CDFiles/120905/10Navigation/Redirecting/images btn_home.gif
2005.12.15 12:20 B C:\Books\HTML\CDFiles\120905\10Navigation\Redirecting\images\btn_problem.gif <-- OTSI /HTS/CDFiles/120905/10Navigation/Redirecting/images btn_problem.gif
2005.12.15 12:20 B C:\Books\HTML\CDFiles\120905\10Navigation\Redirecting\images\btn_products.gif <-- OTSI /HTS/CDFiles/120905/10Navigation/Redirecting/images btn_products.gif
2005.12.15 12:20 B C:\Books\HTML\CDFiles\120905\10Navigation\Redirecting\images\btn_tips.gif <-- OTSI /HTS/CDFiles/120905/10Navigation/Redirecting/images btn_tips.gif
2005.12.15 12:20 B C:\Books\HTML\CDFiles\120905\10Navigation\Redirecting\images\holes.jpg <-- OTSI /HTS/CDFiles/120905/10Navigation/Redirecting/images holes.jpg
2005.12.15 12:20 B C:\Books\HTML\CDFiles\120905\10Navigation\Redirecting\images\leaf.gif <-- OTSI /HTS/CDFiles/120905/10Navigation/Redirecting/images leaf.gif
2005.12.15 12:20 B C:\Books\HTML\CDFiles\120905\10Navigation\Redirecting\images\lightdark.jpg <-- OTSI /HTS/CDFiles/120905/10Navigation/Redirecting/images lightdark.jpg
2005.12.15 12:20 B C:\Books\HTML\CDFiles\120905\10Navigation\Redirecting\images\necrotic.jpg <-- OTSI /HTS/CDFiles/120905/10Navigation/Redirecting/images necrotic.jpg
2005.12.15 12:20 B C:\Books\HTML\CDFiles\120905\10Navigation\Redirecting\images\peaches.jpg <-- OTSI /HTS/CDFiles/120905/10Navigation/Redirecting/images peaches.jpg
2005.12.15 12:20 B C:\Books\HTML\CDFiles\120905\10Navigation\Redirecting\images\powder.jpg <-- OTSI /HTS/CDFiles/120905/10Navigation/Redirecting/images powder.jpg
2005.12.15 12:20 B C:\Books\HTML\CDFiles\120905\10Navigation\Redirecting\images\sm_holes.jpg <-- OTSI /HTS/CDFiles/120905/10Navigation/Redirecting/images sm_holes.jpg
2005.12.15 12:20 B C:\Books\HTML\CDFiles\120905\10Navigation\Redirecting\images\sm_lightdark.jpg <-- OTSI /HTS/CDFiles/120905/10Navigation/Redirecting/images sm_lightdark.jpg
2005.12.15 12:20 B C:\Books\HTML\CDFiles\120905\10Navigation\Redirecting\images\sm_necrotic.jpg <-- OTSI /HTS/CDFiles/120905/10Navigation/Redirecting/images sm_necrotic.jpg
2005.12.15 12:20 B C:\Books\HTML\CDFiles\120905\10Navigation\Redirecting\images\sm_powder.jpg <-- OTSI /HTS/CDFiles/120905/10Navigation/Redirecting/images sm_powder.jpg
2005.12.15 12:20 B C:\Books\HTML\CDFiles\120905\10Navigation\Redirecting\images\sm_yellow.jpg <-- OTSI /HTS/CDFiles/120905/10Navigation/Redirecting/images sm_yellow.jpg
2005.12.15 12:21 B C:\Books\HTML\CDFiles\120905\10Navigation\Redirecting\images\Thumbs.db <-- OTSI /HTS/CDFiles/120905/10Navigation/Redirecting/images Thumbs.db
2005.12.15 12:21 B C:\Books\HTML\CDFiles\120905\10Navigation\Redirecting\images\vssver.scc <-- OTSI /HTS/CDFiles/120905/10Navigation/Redirecting/images vssver.scc
2005.12.15 12:21 B C:\Books\HTML\CDFiles\120905\10Navigation\Redirecting\images\yellow.jpg <-- OTSI /HTS/CDFiles/120905/10Navigation/Redirecting/images yellow.jpg
