2005.12.15 12:15 B C:\Books\HTML\CDFiles\120905\10Navigation\_Solutions\images\btn_about.gif <-- OTSI /HTS/CDFiles/120905/10Navigation/_Solutions/images btn_about.gif
2005.12.15 12:15 B C:\Books\HTML\CDFiles\120905\10Navigation\_Solutions\images\btn_contact.gif <-- OTSI /HTS/CDFiles/120905/10Navigation/_Solutions/images btn_contact.gif
2005.12.15 12:15 B C:\Books\HTML\CDFiles\120905\10Navigation\_Solutions\images\btn_home.gif <-- OTSI /HTS/CDFiles/120905/10Navigation/_Solutions/images btn_home.gif
2005.12.15 12:15 B C:\Books\HTML\CDFiles\120905\10Navigation\_Solutions\images\btn_problem.gif <-- OTSI /HTS/CDFiles/120905/10Navigation/_Solutions/images btn_problem.gif
2005.12.15 12:15 B C:\Books\HTML\CDFiles\120905\10Navigation\_Solutions\images\btn_products.gif <-- OTSI /HTS/CDFiles/120905/10Navigation/_Solutions/images btn_products.gif
2005.12.15 12:15 B C:\Books\HTML\CDFiles\120905\10Navigation\_Solutions\images\btn_tips.gif <-- OTSI /HTS/CDFiles/120905/10Navigation/_Solutions/images btn_tips.gif
2005.12.15 12:15 B C:\Books\HTML\CDFiles\120905\10Navigation\_Solutions\images\holes.jpg <-- OTSI /HTS/CDFiles/120905/10Navigation/_Solutions/images holes.jpg
2005.12.15 12:15 B C:\Books\HTML\CDFiles\120905\10Navigation\_Solutions\images\leaf.gif <-- OTSI /HTS/CDFiles/120905/10Navigation/_Solutions/images leaf.gif
2005.12.15 12:15 B C:\Books\HTML\CDFiles\120905\10Navigation\_Solutions\images\lightdark.jpg <-- OTSI /HTS/CDFiles/120905/10Navigation/_Solutions/images lightdark.jpg
2005.12.15 12:15 B C:\Books\HTML\CDFiles\120905\10Navigation\_Solutions\images\necrotic.jpg <-- OTSI /HTS/CDFiles/120905/10Navigation/_Solutions/images necrotic.jpg
2005.12.15 12:15 B C:\Books\HTML\CDFiles\120905\10Navigation\_Solutions\images\peaches.jpg <-- OTSI /HTS/CDFiles/120905/10Navigation/_Solutions/images peaches.jpg
2005.12.15 12:15 B C:\Books\HTML\CDFiles\120905\10Navigation\_Solutions\images\powder.jpg <-- OTSI /HTS/CDFiles/120905/10Navigation/_Solutions/images powder.jpg
2005.12.15 12:15 B C:\Books\HTML\CDFiles\120905\10Navigation\_Solutions\images\sm_holes.jpg <-- OTSI /HTS/CDFiles/120905/10Navigation/_Solutions/images sm_holes.jpg
2005.12.15 12:15 B C:\Books\HTML\CDFiles\120905\10Navigation\_Solutions\images\sm_lightdark.jpg <-- OTSI /HTS/CDFiles/120905/10Navigation/_Solutions/images sm_lightdark.jpg
2005.12.15 12:15 B C:\Books\HTML\CDFiles\120905\10Navigation\_Solutions\images\sm_necrotic.jpg <-- OTSI /HTS/CDFiles/120905/10Navigation/_Solutions/images sm_necrotic.jpg
2005.12.15 12:15 B C:\Books\HTML\CDFiles\120905\10Navigation\_Solutions\images\sm_powder.jpg <-- OTSI /HTS/CDFiles/120905/10Navigation/_Solutions/images sm_powder.jpg
2005.12.15 12:16 B C:\Books\HTML\CDFiles\120905\10Navigation\_Solutions\images\sm_yellow.jpg <-- OTSI /HTS/CDFiles/120905/10Navigation/_Solutions/images sm_yellow.jpg
2005.12.15 12:16 B C:\Books\HTML\CDFiles\120905\10Navigation\_Solutions\images\Thumbs.db <-- OTSI /HTS/CDFiles/120905/10Navigation/_Solutions/images Thumbs.db
2005.12.15 12:16 B C:\Books\HTML\CDFiles\120905\10Navigation\_Solutions\images\vssver.scc <-- OTSI /HTS/CDFiles/120905/10Navigation/_Solutions/images vssver.scc
2005.12.15 12:16 B C:\Books\HTML\CDFiles\120905\10Navigation\_Solutions\images\yellow.jpg <-- OTSI /HTS/CDFiles/120905/10Navigation/_Solutions/images yellow.jpg
